This is pdfTeX, Version 3.1415926-2.5-1.40.14 (TeX Live 2013/Debian) (format=pdflatex 2016.8.16)  11 JUL 2017 10:41
entering extended mode
 restricted \write18 enabled.
 %&-line parsing enabled.
**ACD.tex
(./ACD.tex
LaTeX2e <2011/06/27>
Babel <3.9h> and hyphenation patterns for 2 languages loaded.
(/usr/share/texlive/texmf-dist/tex/latex/base/report.cls
Document Class: report 2007/10/19 v1.4h Standard LaTeX document class
(/usr/share/texlive/texmf-dist/tex/latex/base/size10.clo
File: size10.clo 2007/10/19 v1.4h Standard LaTeX file (size option)
)
\c@part=\count79
\c@chapter=\count80
\c@section=\count81
\c@subsection=\count82
\c@subsubsection=\count83
\c@paragraph=\count84
\c@subparagraph=\count85
\c@figure=\count86
\c@table=\count87
\abovecaptionskip=\skip41
\belowcaptionskip=\skip42
\bibindent=\dimen102
)
(/usr/share/texlive/texmf-dist/tex/latex/graphics/graphicx.sty
Package: graphicx 1999/02/16 v1.0f Enhanced LaTeX Graphics (DPC,SPQR)

(/usr/share/texlive/texmf-dist/tex/latex/graphics/keyval.sty
Package: keyval 1999/03/16 v1.13 key=value parser (DPC)
\KV@toks@=\toks14
)
(/usr/share/texlive/texmf-dist/tex/latex/graphics/graphics.sty
Package: graphics 2009/02/05 v1.0o Standard LaTeX Graphics (DPC,SPQR)

(/usr/share/texlive/texmf-dist/tex/latex/graphics/trig.sty
Package: trig 1999/03/16 v1.09 sin cos tan (DPC)
)
(/usr/share/texlive/texmf-dist/tex/latex/latexconfig/graphics.cfg
File: graphics.cfg 2010/04/23 v1.9 graphics configuration of TeX Live
)
Package graphics Info: Driver file: pdftex.def on input line 91.

(/usr/share/texlive/texmf-dist/tex/latex/pdftex-def/pdftex.def
File: pdftex.def 2011/05/27 v0.06d Graphics/color for pdfTeX

(/usr/share/texlive/texmf-dist/tex/generic/oberdiek/infwarerr.sty
Package: infwarerr 2010/04/08 v1.3 Providing info/warning/error messages (HO)
)
(/usr/share/texlive/texmf-dist/tex/generic/oberdiek/ltxcmds.sty
Package: ltxcmds 2011/11/09 v1.22 LaTeX kernel commands for general use (HO)
)
\Gread@gobject=\count88
))
\Gin@req@height=\dimen103
\Gin@req@width=\dimen104
)
(/usr/share/texlive/texmf-dist/tex/latex/hyperref/hyperref.sty
Package: hyperref 2012/11/06 v6.83m Hypertext links for LaTeX

(/usr/share/texlive/texmf-dist/tex/generic/oberdiek/hobsub-hyperref.sty
Package: hobsub-hyperref 2012/05/28 v1.13 Bundle oberdiek, subset hyperref (HO)


(/usr/share/texlive/texmf-dist/tex/generic/oberdiek/hobsub-generic.sty
Package: hobsub-generic 2012/05/28 v1.13 Bundle oberdiek, subset generic (HO)
Package: hobsub 2012/05/28 v1.13 Construct package bundles (HO)
Package hobsub Info: Skipping package `infwarerr' (already loaded).
Package hobsub Info: Skipping package `ltxcmds' (already loaded).
Package: ifluatex 2010/03/01 v1.3 Provides the ifluatex switch (HO)
Package ifluatex Info: LuaTeX not detected.
Package: ifvtex 2010/03/01 v1.5 Detect VTeX and its facilities (HO)
Package ifvtex Info: VTeX not detected.
Package: intcalc 2007/09/27 v1.1 Expandable calculations with integers (HO)
Package: ifpdf 2011/01/30 v2.3 Provides the ifpdf switch (HO)
Package ifpdf Info: pdfTeX in PDF mode is detected.
Package: etexcmds 2011/02/16 v1.5 Avoid name clashes with e-TeX commands (HO)
Package etexcmds Info: Could not find \expanded.
(etexcmds)             That can mean that you are not using pdfTeX 1.50 or
(etexcmds)             that some package has redefined \expanded.
(etexcmds)             In the latter case, load this package earlier.
Package: kvsetkeys 2012/04/25 v1.16 Key value parser (HO)
Package: kvdefinekeys 2011/04/07 v1.3 Define keys (HO)
Package: pdftexcmds 2011/11/29 v0.20 Utility functions of pdfTeX for LuaTeX (HO
)
Package pdftexcmds Info: LuaTeX not detected.
Package pdftexcmds Info: \pdf@primitive is available.
Package pdftexcmds Info: \pdf@ifprimitive is available.
Package pdftexcmds Info: \pdfdraftmode found.
Package: pdfescape 2011/11/25 v1.13 Implements pdfTeX's escape features (HO)
Package: bigintcalc 2012/04/08 v1.3 Expandable calculations on big integers (HO
)
Package: bitset 2011/01/30 v1.1 Handle bit-vector datatype (HO)
Package: uniquecounter 2011/01/30 v1.2 Provide unlimited unique counter (HO)
)
Package hobsub Info: Skipping package `hobsub' (already loaded).
Package: letltxmacro 2010/09/02 v1.4 Let assignment for LaTeX macros (HO)
Package: hopatch 2012/05/28 v1.2 Wrapper for package hooks (HO)
Package: xcolor-patch 2011/01/30 xcolor patch
Package: atveryend 2011/06/30 v1.8 Hooks at the very end of document (HO)
Package atveryend Info: \enddocument detected (standard20110627).
Package: atbegshi 2011/10/05 v1.16 At begin shipout hook (HO)
Package: refcount 2011/10/16 v3.4 Data extraction from label references (HO)
Package: hycolor 2011/01/30 v1.7 Color options for hyperref/bookmark (HO)
)
(/usr/share/texlive/texmf-dist/tex/generic/ifxetex/ifxetex.sty
Package: ifxetex 2010/09/12 v0.6 Provides ifxetex conditional
)
(/usr/share/texlive/texmf-dist/tex/latex/oberdiek/auxhook.sty
Package: auxhook 2011/03/04 v1.3 Hooks for auxiliary files (HO)
)
(/usr/share/texlive/texmf-dist/tex/latex/oberdiek/kvoptions.sty
Package: kvoptions 2011/06/30 v3.11 Key value format for package options (HO)
)
\@linkdim=\dimen105
\Hy@linkcounter=\count89
\Hy@pagecounter=\count90

(/usr/share/texlive/texmf-dist/tex/latex/hyperref/pd1enc.def
File: pd1enc.def 2012/11/06 v6.83m Hyperref: PDFDocEncoding definition (HO)
)
\Hy@SavedSpaceFactor=\count91

(/usr/share/texlive/texmf-dist/tex/latex/latexconfig/hyperref.cfg
File: hyperref.cfg 2002/06/06 v1.2 hyperref configuration of TeXLive
)
Package hyperref Info: Option `colorlinks' set `true' on input line 4319.
Package hyperref Info: Hyper figures OFF on input line 4443.
Package hyperref Info: Link nesting OFF on input line 4448.
Package hyperref Info: Hyper index ON on input line 4451.
Package hyperref Info: Plain pages OFF on input line 4458.
Package hyperref Info: Backreferencing OFF on input line 4463.
Package hyperref Info: Implicit mode ON; LaTeX internals redefined.
Package hyperref Info: Bookmarks ON on input line 4688.
\c@Hy@tempcnt=\count92

(/usr/share/texlive/texmf-dist/tex/latex/url/url.sty
\Urlmuskip=\muskip10
Package: url 2013/09/16  ver 3.4  Verb mode for urls, etc.
)
LaTeX Info: Redefining \url on input line 5041.
\XeTeXLinkMargin=\dimen106
\Fld@menulength=\count93
\Field@Width=\dimen107
\Fld@charsize=\dimen108
Package hyperref Info: Hyper figures OFF on input line 6295.
Package hyperref Info: Link nesting OFF on input line 6300.
Package hyperref Info: Hyper index ON on input line 6303.
Package hyperref Info: backreferencing OFF on input line 6310.
Package hyperref Info: Link coloring ON on input line 6313.
Package hyperref Info: Link coloring with OCG OFF on input line 6320.
Package hyperref Info: PDF/A mode OFF on input line 6325.
LaTeX Info: Redefining \ref on input line 6365.
LaTeX Info: Redefining \pageref on input line 6369.
\Hy@abspage=\count94
\c@Item=\count95
\c@Hfootnote=\count96
)

Package hyperref Message: Driver (autodetected): hpdftex.

(/usr/share/texlive/texmf-dist/tex/latex/hyperref/hpdftex.def
File: hpdftex.def 2012/11/06 v6.83m Hyperref driver for pdfTeX
\Fld@listcount=\count97
\c@bookmark@seq@number=\count98

(/usr/share/texlive/texmf-dist/tex/latex/oberdiek/rerunfilecheck.sty
Package: rerunfilecheck 2011/04/15 v1.7 Rerun checks for auxiliary files (HO)
Package uniquecounter Info: New unique counter `rerunfilecheck' on input line 2
82.
)
\Hy@SectionHShift=\skip43
)
(/usr/share/texlive/texmf-dist/tex/latex/base/inputenc.sty
Package: inputenc 2008/03/30 v1.1d Input encoding file
\inpenc@prehook=\toks15
\inpenc@posthook=\toks16

(/usr/share/texlive/texmf-dist/tex/latex/base/utf8.def
File: utf8.def 2008/04/05 v1.1m UTF-8 support for inputenc
Now handling font encoding OML ...
... no UTF-8 mapping file for font encoding OML
Now handling font encoding T1 ...
... processing UTF-8 mapping file for font encoding T1

(/usr/share/texlive/texmf-dist/tex/latex/base/t1enc.dfu
File: t1enc.dfu 2008/04/05 v1.1m UTF-8 support for inputenc
   defining Unicode char U+00A1 (decimal 161)
   defining Unicode char U+00A3 (decimal 163)
   defining Unicode char U+00AB (decimal 171)
   defining Unicode char U+00BB (decimal 187)
   defining Unicode char U+00BF (decimal 191)
   defining Unicode char U+00C0 (decimal 192)
   defining Unicode char U+00C1 (decimal 193)
   defining Unicode char U+00C2 (decimal 194)
   defining Unicode char U+00C3 (decimal 195)
   defining Unicode char U+00C4 (decimal 196)
   defining Unicode char U+00C5 (decimal 197)
   defining Unicode char U+00C6 (decimal 198)
   defining Unicode char U+00C7 (decimal 199)
   defining Unicode char U+00C8 (decimal 200)
   defining Unicode char U+00C9 (decimal 201)
   defining Unicode char U+00CA (decimal 202)
   defining Unicode char U+00CB (decimal 203)
   defining Unicode char U+00CC (decimal 204)
   defining Unicode char U+00CD (decimal 205)
   defining Unicode char U+00CE (decimal 206)
   defining Unicode char U+00CF (decimal 207)
   defining Unicode char U+00D0 (decimal 208)
   defining Unicode char U+00D1 (decimal 209)
   defining Unicode char U+00D2 (decimal 210)
   defining Unicode char U+00D3 (decimal 211)
   defining Unicode char U+00D4 (decimal 212)
   defining Unicode char U+00D5 (decimal 213)
   defining Unicode char U+00D6 (decimal 214)
   defining Unicode char U+00D8 (decimal 216)
   defining Unicode char U+00D9 (decimal 217)
   defining Unicode char U+00DA (decimal 218)
   defining Unicode char U+00DB (decimal 219)
   defining Unicode char U+00DC (decimal 220)
   defining Unicode char U+00DD (decimal 221)
   defining Unicode char U+00DE (decimal 222)
   defining Unicode char U+00DF (decimal 223)
   defining Unicode char U+00E0 (decimal 224)
   defining Unicode char U+00E1 (decimal 225)
   defining Unicode char U+00E2 (decimal 226)
   defining Unicode char U+00E3 (decimal 227)
   defining Unicode char U+00E4 (decimal 228)
   defining Unicode char U+00E5 (decimal 229)
   defining Unicode char U+00E6 (decimal 230)
   defining Unicode char U+00E7 (decimal 231)
   defining Unicode char U+00E8 (decimal 232)
   defining Unicode char U+00E9 (decimal 233)
   defining Unicode char U+00EA (decimal 234)
   defining Unicode char U+00EB (decimal 235)
   defining Unicode char U+00EC (decimal 236)
   defining Unicode char U+00ED (decimal 237)
   defining Unicode char U+00EE (decimal 238)
   defining Unicode char U+00EF (decimal 239)
   defining Unicode char U+00F0 (decimal 240)
   defining Unicode char U+00F1 (decimal 241)
   defining Unicode char U+00F2 (decimal 242)
   defining Unicode char U+00F3 (decimal 243)
   defining Unicode char U+00F4 (decimal 244)
   defining Unicode char U+00F5 (decimal 245)
   defining Unicode char U+00F6 (decimal 246)
   defining Unicode char U+00F8 (decimal 248)
   defining Unicode char U+00F9 (decimal 249)
   defining Unicode char U+00FA (decimal 250)
   defining Unicode char U+00FB (decimal 251)
   defining Unicode char U+00FC (decimal 252)
   defining Unicode char U+00FD (decimal 253)
   defining Unicode char U+00FE (decimal 254)
   defining Unicode char U+00FF (decimal 255)
   defining Unicode char U+0102 (decimal 258)
   defining Unicode char U+0103 (decimal 259)
   defining Unicode char U+0104 (decimal 260)
   defining Unicode char U+0105 (decimal 261)
   defining Unicode char U+0106 (decimal 262)
   defining Unicode char U+0107 (decimal 263)
   defining Unicode char U+010C (decimal 268)
   defining Unicode char U+010D (decimal 269)
   defining Unicode char U+010E (decimal 270)
   defining Unicode char U+010F (decimal 271)
   defining Unicode char U+0110 (decimal 272)
   defining Unicode char U+0111 (decimal 273)
   defining Unicode char U+0118 (decimal 280)
   defining Unicode char U+0119 (decimal 281)
   defining Unicode char U+011A (decimal 282)
   defining Unicode char U+011B (decimal 283)
   defining Unicode char U+011E (decimal 286)
   defining Unicode char U+011F (decimal 287)
   defining Unicode char U+0130 (decimal 304)
   defining Unicode char U+0131 (decimal 305)
   defining Unicode char U+0132 (decimal 306)
   defining Unicode char U+0133 (decimal 307)
   defining Unicode char U+0139 (decimal 313)
   defining Unicode char U+013A (decimal 314)
   defining Unicode char U+013D (decimal 317)
   defining Unicode char U+013E (decimal 318)
   defining Unicode char U+0141 (decimal 321)
   defining Unicode char U+0142 (decimal 322)
   defining Unicode char U+0143 (decimal 323)
   defining Unicode char U+0144 (decimal 324)
   defining Unicode char U+0147 (decimal 327)
   defining Unicode char U+0148 (decimal 328)
   defining Unicode char U+014A (decimal 330)
   defining Unicode char U+014B (decimal 331)
   defining Unicode char U+0150 (decimal 336)
   defining Unicode char U+0151 (decimal 337)
   defining Unicode char U+0152 (decimal 338)
   defining Unicode char U+0153 (decimal 339)
   defining Unicode char U+0154 (decimal 340)
   defining Unicode char U+0155 (decimal 341)
   defining Unicode char U+0158 (decimal 344)
   defining Unicode char U+0159 (decimal 345)
   defining Unicode char U+015A (decimal 346)
   defining Unicode char U+015B (decimal 347)
   defining Unicode char U+015E (decimal 350)
   defining Unicode char U+015F (decimal 351)
   defining Unicode char U+0160 (decimal 352)
   defining Unicode char U+0161 (decimal 353)
   defining Unicode char U+0162 (decimal 354)
   defining Unicode char U+0163 (decimal 355)
   defining Unicode char U+0164 (decimal 356)
   defining Unicode char U+0165 (decimal 357)
   defining Unicode char U+016E (decimal 366)
   defining Unicode char U+016F (decimal 367)
   defining Unicode char U+0170 (decimal 368)
   defining Unicode char U+0171 (decimal 369)
   defining Unicode char U+0178 (decimal 376)
   defining Unicode char U+0179 (decimal 377)
   defining Unicode char U+017A (decimal 378)
   defining Unicode char U+017B (decimal 379)
   defining Unicode char U+017C (decimal 380)
   defining Unicode char U+017D (decimal 381)
   defining Unicode char U+017E (decimal 382)
   defining Unicode char U+200C (decimal 8204)
   defining Unicode char U+2013 (decimal 8211)
   defining Unicode char U+2014 (decimal 8212)
   defining Unicode char U+2018 (decimal 8216)
   defining Unicode char U+2019 (decimal 8217)
   defining Unicode char U+201A (decimal 8218)
   defining Unicode char U+201C (decimal 8220)
   defining Unicode char U+201D (decimal 8221)
   defining Unicode char U+201E (decimal 8222)
   defining Unicode char U+2030 (decimal 8240)
   defining Unicode char U+2031 (decimal 8241)
   defining Unicode char U+2039 (decimal 8249)
   defining Unicode char U+203A (decimal 8250)
   defining Unicode char U+2423 (decimal 9251)
)
Now handling font encoding OT1 ...
... processing UTF-8 mapping file for font encoding OT1

(/usr/share/texlive/texmf-dist/tex/latex/base/ot1enc.dfu
File: ot1enc.dfu 2008/04/05 v1.1m UTF-8 support for inputenc
   defining Unicode char U+00A1 (decimal 161)
   defining Unicode char U+00A3 (decimal 163)
   defining Unicode char U+00B8 (decimal 184)
   defining Unicode char U+00BF (decimal 191)
   defining Unicode char U+00C5 (decimal 197)
   defining Unicode char U+00C6 (decimal 198)
   defining Unicode char U+00D8 (decimal 216)
   defining Unicode char U+00DF (decimal 223)
   defining Unicode char U+00E6 (decimal 230)
   defining Unicode char U+00EC (decimal 236)
   defining Unicode char U+00ED (decimal 237)
   defining Unicode char U+00EE (decimal 238)
   defining Unicode char U+00EF (decimal 239)
   defining Unicode char U+00F8 (decimal 248)
   defining Unicode char U+0131 (decimal 305)
   defining Unicode char U+0141 (decimal 321)
   defining Unicode char U+0142 (decimal 322)
   defining Unicode char U+0152 (decimal 338)
   defining Unicode char U+0153 (decimal 339)
   defining Unicode char U+2013 (decimal 8211)
   defining Unicode char U+2014 (decimal 8212)
   defining Unicode char U+2018 (decimal 8216)
   defining Unicode char U+2019 (decimal 8217)
   defining Unicode char U+201C (decimal 8220)
   defining Unicode char U+201D (decimal 8221)
)
Now handling font encoding OMS ...
... processing UTF-8 mapping file for font encoding OMS

(/usr/share/texlive/texmf-dist/tex/latex/base/omsenc.dfu
File: omsenc.dfu 2008/04/05 v1.1m UTF-8 support for inputenc
   defining Unicode char U+00A7 (decimal 167)
   defining Unicode char U+00B6 (decimal 182)
   defining Unicode char U+00B7 (decimal 183)
   defining Unicode char U+2020 (decimal 8224)
   defining Unicode char U+2021 (decimal 8225)
   defining Unicode char U+2022 (decimal 8226)
)
Now handling font encoding OMX ...
... no UTF-8 mapping file for font encoding OMX
Now handling font encoding U ...
... no UTF-8 mapping file for font encoding U
Now handling font encoding PD1 ...
... no UTF-8 mapping file for font encoding PD1
   defining Unicode char U+00A9 (decimal 169)
   defining Unicode char U+00AA (decimal 170)
   defining Unicode char U+00AE (decimal 174)
   defining Unicode char U+00BA (decimal 186)
   defining Unicode char U+02C6 (decimal 710)
   defining Unicode char U+02DC (decimal 732)
   defining Unicode char U+200C (decimal 8204)
   defining Unicode char U+2026 (decimal 8230)
   defining Unicode char U+2122 (decimal 8482)
   defining Unicode char U+2423 (decimal 9251)
))
(/usr/share/texlive/texmf-dist/tex/latex/amsfonts/amssymb.sty
Package: amssymb 2013/01/14 v3.01 AMS font symbols

(/usr/share/texlive/texmf-dist/tex/latex/amsfonts/amsfonts.sty
Package: amsfonts 2013/01/14 v3.01 Basic AMSFonts support
\@emptytoks=\toks17
\symAMSa=\mathgroup4
\symAMSb=\mathgroup5
LaTeX Font Info:    Overwriting math alphabet `\mathfrak' in version `bold'
(Font)                  U/euf/m/n --> U/euf/b/n on input line 106.
))
(/usr/share/texlive/texmf-dist/tex/latex/amsmath/amsmath.sty
Package: amsmath 2013/01/14 v2.14 AMS math features
\@mathmargin=\skip44

For additional information on amsmath, use the `?' option.
(/usr/share/texlive/texmf-dist/tex/latex/amsmath/amstext.sty
Package: amstext 2000/06/29 v2.01

(/usr/share/texlive/texmf-dist/tex/latex/amsmath/amsgen.sty
File: amsgen.sty 1999/11/30 v2.0
\@emptytoks=\toks18
\ex@=\dimen109
))
(/usr/share/texlive/texmf-dist/tex/latex/amsmath/amsbsy.sty
Package: amsbsy 1999/11/29 v1.2d
\pmbraise@=\dimen110
)
(/usr/share/texlive/texmf-dist/tex/latex/amsmath/amsopn.sty
Package: amsopn 1999/12/14 v2.01 operator names
)
\inf@bad=\count99
LaTeX Info: Redefining \frac on input line 210.
\uproot@=\count100
\leftroot@=\count101
LaTeX Info: Redefining \overline on input line 306.
\classnum@=\count102
\DOTSCASE@=\count103
LaTeX Info: Redefining \ldots on input line 378.
LaTeX Info: Redefining \dots on input line 381.
LaTeX Info: Redefining \cdots on input line 466.
\Mathstrutbox@=\box26
\strutbox@=\box27
\big@size=\dimen111
LaTeX Font Info:    Redeclaring font encoding OML on input line 566.
LaTeX Font Info:    Redeclaring font encoding OMS on input line 567.
\macc@depth=\count104
\c@MaxMatrixCols=\count105
\dotsspace@=\muskip11
\c@parentequation=\count106
\dspbrk@lvl=\count107
\tag@help=\toks19
\row@=\count108
\column@=\count109
\maxfields@=\count110
\andhelp@=\toks20
\eqnshift@=\dimen112
\alignsep@=\dimen113
\tagshift@=\dimen114
\tagwidth@=\dimen115
\totwidth@=\dimen116
\lineht@=\dimen117
\@envbody=\toks21
\multlinegap=\skip45
\multlinetaggap=\skip46
\mathdisplay@stack=\toks22
LaTeX Info: Redefining \[ on input line 2665.
LaTeX Info: Redefining \] on input line 2666.
)
(/usr/share/texlive/texmf-dist/tex/latex/geometry/geometry.sty
Package: geometry 2010/09/12 v5.6 Page Geometry
\Gm@cnth=\count111
\Gm@cntv=\count112
\c@Gm@tempcnt=\count113
\Gm@bindingoffset=\dimen118
\Gm@wd@mp=\dimen119
\Gm@odd@mp=\dimen120
\Gm@even@mp=\dimen121
\Gm@layoutwidth=\dimen122
\Gm@layoutheight=\dimen123
\Gm@layouthoffset=\dimen124
\Gm@layoutvoffset=\dimen125
\Gm@dimlist=\toks23
)
(/usr/share/texlive/texmf-dist/tex/latex/oberdiek/bookmark.sty
Package: bookmark 2011/12/02 v1.24 PDF bookmarks (HO)

(/usr/share/texlive/texmf-dist/tex/latex/oberdiek/bkm-pdftex.def
File: bkm-pdftex.def 2011/12/02 v1.24 bookmark driver for pdfTeX (HO)
\BKM@id=\count114
))
(/usr/share/texlive/texmf-dist/tex/latex/wrapfig/wrapfig.sty
\wrapoverhang=\dimen126
\WF@size=\dimen127
\c@WF@wrappedlines=\count115
\WF@box=\box28
\WF@everypar=\toks24
Package: wrapfig 2003/01/31  v 3.6
)
(/usr/share/texlive/texmf-dist/tex/latex/easylist/easylist.sty
Package: easylist 2014/01/11 v.1.4 Numbered items with a single command.
\el@CounterTotal=\count116
\el@Scratch=\count117
\el@ControlCounter=\count118
\el@CounterLevel=\count119
\c@List1=\count120
\c@List2=\count121
\c@List3=\count122
\c@List4=\count123
\c@List5=\count124
\c@List6=\count125
\c@List7=\count126
\c@List8=\count127
\c@List9=\count128
\c@List10=\count129
\el@ProgressiveDimension=\dimen128
\el@CounterBox=\box29
\el@ControlBox=\box30
\el@TotalMargin=\dimen129
\el@LeftMove=\dimen130
)
Package hyperref Info: Option `colorlinks' set `true' on input line 26.
Package hyperref Info: Option `linktocpage' set `true' on input line 26.
Package hyperref Info: Option `pageanchor' set `true' on input line 26.
 (./ACD.aux)
\openout1 = `ACD.aux'.

LaTeX Font Info:    Checking defaults for OML/cmm/m/it on input line 29.
LaTeX Font Info:    ... okay on input line 29.
LaTeX Font Info:    Checking defaults for T1/cmr/m/n on input line 29.
LaTeX Font Info:    ... okay on input line 29.
LaTeX Font Info:    Checking defaults for OT1/cmr/m/n on input line 29.
LaTeX Font Info:    ... okay on input line 29.
LaTeX Font Info:    Checking defaults for OMS/cmsy/m/n on input line 29.
LaTeX Font Info:    ... okay on input line 29.
LaTeX Font Info:    Checking defaults for OMX/cmex/m/n on input line 29.
LaTeX Font Info:    ... okay on input line 29.
LaTeX Font Info:    Checking defaults for U/cmr/m/n on input line 29.
LaTeX Font Info:    ... okay on input line 29.
LaTeX Font Info:    Checking defaults for PD1/pdf/m/n on input line 29.
LaTeX Font Info:    ... okay on input line 29.

(/usr/share/texlive/texmf-dist/tex/context/base/supp-pdf.mkii
[Loading MPS to PDF converter (version 2006.09.02).]
\scratchcounter=\count130
\scratchdimen=\dimen131
\scratchbox=\box31
\nofMPsegments=\count131
\nofMParguments=\count132
\everyMPshowfont=\toks25
\MPscratchCnt=\count133
\MPscratchDim=\dimen132
\MPnumerator=\count134
\makeMPintoPDFobject=\count135
\everyMPtoPDFconversion=\toks26
) (/usr/share/texlive/texmf-dist/tex/latex/oberdiek/epstopdf-base.sty
Package: epstopdf-base 2010/02/09 v2.5 Base part for package epstopdf

(/usr/share/texlive/texmf-dist/tex/latex/oberdiek/grfext.sty
Package: grfext 2010/08/19 v1.1 Manage graphics extensions (HO)
)
Package grfext Info: Graphics extension search list:
(grfext)             [.png,.pdf,.jpg,.mps,.jpeg,.jbig2,.jb2,.PNG,.PDF,.JPG,.JPE
G,.JBIG2,.JB2,.eps]
(grfext)             \AppendGraphicsExtensions on input line 452.

(/usr/share/texlive/texmf-dist/tex/latex/latexconfig/epstopdf-sys.cfg
File: epstopdf-sys.cfg 2010/07/13 v1.3 Configuration of (r)epstopdf for TeX Liv
e
))
\AtBeginShipoutBox=\box32

(/usr/share/texlive/texmf-dist/tex/latex/graphics/color.sty
Package: color 2005/11/14 v1.0j Standard LaTeX Color (DPC)

(/usr/share/texlive/texmf-dist/tex/latex/latexconfig/color.cfg
File: color.cfg 2007/01/18 v1.5 color configuration of teTeX/TeXLive
)
Package color Info: Driver file: pdftex.def on input line 130.
)
Package hyperref Info: Link coloring ON on input line 29.

(/usr/share/texlive/texmf-dist/tex/latex/hyperref/nameref.sty
Package: nameref 2012/10/27 v2.43 Cross-referencing by name of section

(/usr/share/texlive/texmf-dist/tex/generic/oberdiek/gettitlestring.sty
Package: gettitlestring 2010/12/03 v1.4 Cleanup title references (HO)
)
\c@section@level=\count136
)
LaTeX Info: Redefining \ref on input line 29.
LaTeX Info: Redefining \pageref on input line 29.
LaTeX Info: Redefining \nameref on input line 29.

*geometry* driver: auto-detecting
*geometry* detected driver: pdftex
*geometry* verbose mode - [ preamble ] result:
* driver: pdftex
* paper: a4paper
* layout: <same size as paper>
* layoutoffset:(h,v)=(0.0pt,0.0pt)
* modes: 
* h-part:(L,W,R)=(89.62709pt, 418.25368pt, 89.6271pt)
* v-part:(T,H,B)=(101.40665pt, 591.5302pt, 152.11pt)
* \paperwidth=597.50787pt
* \paperheight=845.04684pt
* \textwidth=418.25368pt
* \textheight=591.5302pt
* \oddsidemargin=17.3571pt
* \evensidemargin=17.3571pt
* \topmargin=-7.86334pt
* \headheight=12.0pt
* \headsep=25.0pt
* \topskip=10.0pt
* \footskip=30.0pt
* \marginparwidth=57.0pt
* \marginparsep=11.0pt
* \columnsep=10.0pt
* \skip\footins=9.0pt plus 4.0pt minus 2.0pt
* \hoffset=0.0pt
* \voffset=0.0pt
* \mag=1000
* \@twocolumnfalse
* \@twosidefalse
* \@mparswitchfalse
* \@reversemarginfalse
* (1in=72.27pt=25.4mm, 1cm=28.453pt)

(./Chapter0.tex

LaTeX Font Warning: Font shape `OT1/cmr/bx/sc' undefined
(Font)              using `OT1/cmr/bx/n' instead on input line 5.

[1

{/var/lib/texmf/fonts/map/pdftex/updmap/pdftex.map}]pdfTeX warning (ext4): dest
ination with the same identifier (name{page.1}) has been already used, duplicat
e ignored
<to be read again> 
                   \relax 
l.30         \newpage
                      [1] (./ACD.toc
LaTeX Font Info:    Try loading font information for U+msa on input line 2.

(/usr/share/texlive/texmf-dist/tex/latex/amsfonts/umsa.fd
File: umsa.fd 2013/01/14 v3.01 AMS symbols A
)
LaTeX Font Info:    Try loading font information for U+msb on input line 2.

(/usr/share/texlive/texmf-dist/tex/latex/amsfonts/umsb.fd
File: umsb.fd 2013/01/14 v3.01 AMS symbols B
) [2

])
\tf@toc=\write3
\openout3 = `ACD.toc'.

) (./info.tex
[3]) (./Chapter1.tex [4]
Chapter 1.
<Schermata.png, id=152, 859.21pt x 210.7875pt>
File: Schermata.png Graphic file (type png)
 <use Schermata.png>
Package pdftex.def Info: Schermata.png used on input line 12.
(pdftex.def)             Requested size: 230.04079pt x 56.43414pt.

<nmossat.png, id=153, 1109.14375pt x 309.155pt>
File: nmossat.png Graphic file (type png)
 <use nmossat.png>
Package pdftex.def Info: nmossat.png used on input line 33.
(pdftex.def)             Requested size: 292.77629pt x 81.6049pt.

<pmossat.png, id=154, 1101.11375pt x 288.07625pt>
File: pmossat.png Graphic file (type png)
 <use pmossat.png>
Package pdftex.def Info: pmossat.png used on input line 34.
(pdftex.def)             Requested size: 292.77629pt x 76.59479pt.
 [5

 <./Schermata.png> <./nmossat.png>] <dres.png, id=166, 363.3575pt x 449.68pt>
File: dres.png Graphic file (type png)

<use dres.png>
Package pdftex.def Info: dres.png used on input line 41.
(pdftex.def)             Requested size: 104.56342pt x 129.40207pt.
 <sres.png, id=167, 295.1025pt x 491.8375pt>
File: sres.png Graphic file (type png)
 <use sres.png>
Package pdftex.def Info: sres.png used on input line 42.
(pdftex.def)             Requested size: 83.64944pt x 139.40964pt.

[6 <./pmossat.png> <./dres.png> <./sres.png>]) (./Chapter2.tex [7]
Chapter 2.
<OTA1.png, id=185, 622.325pt x 447.6725pt>
File: OTA1.png Graphic file (type png)
 <use OTA1.png>
Package pdftex.def Info: OTA1.png used on input line 4.
(pdftex.def)             Requested size: 209.12683pt x 150.43742pt.
File: OTA1.png Graphic file (type png)
 <use OTA1.png>
Package pdftex.def Info: OTA1.png used on input line 12.
(pdftex.def)             Requested size: 104.56342pt x 75.21529pt.

<OTA2.png, id=186, 573.14125pt x 494.84875pt>
File: OTA2.png Graphic file (type png)
 <use OTA2.png>
Package pdftex.def Info: OTA2.png used on input line 28.
(pdftex.def)             Requested size: 146.39133pt x 126.39241pt.
 [8

 <./OTA1.png>]
[9 <./OTA2.png>] [10]) (./Chapter3.tex [11]
Chapter 3.
<twostageota.png, id=230, 437.635pt x 283.0575pt>
File: twostageota.png Graphic file (type png)
 <use twostageota.png>
Package pdftex.def Info: twostageota.png used on input line 4.
(pdftex.def)             Requested size: 250.95476pt x 162.31624pt.

<compcap.png, id=231, 1045.9075pt x 318.18875pt>
File: compcap.png Graphic file (type png)
 <use compcap.png>
Package pdftex.def Info: compcap.png used on input line 17.
(pdftex.def)             Requested size: 334.60422pt x 101.79333pt.
 [12

 <./twostageota.png> <./compcap.png>] <R_n.png, id=239, 486.81876pt x 259.97125
pt>
File: R_n.png Graphic file (type png)

<use R_n.png>
Package pdftex.def Info: R_n.png used on input line 65.
(pdftex.def)             Requested size: 250.95476pt x 134.01561pt.
 [13 <./R_n.png>] <R_nPSRR.png, id=253, 459.7175pt x 305.14pt>
File: R_nPSRR.png Graphic file (type png)

<use R_nPSRR.png>
Package pdftex.def Info: R_nPSRR.png used on input line 100.
(pdftex.def)             Requested size: 125.47737pt x 83.28285pt.
 <compVbuff.png, id=254, 489.83pt x 315.1775pt>
File: compVbuff.png Graphic file (type png)

<use compVbuff.png>
Package pdftex.def Info: compVbuff.png used on input line 107.
(pdftex.def)             Requested size: 250.95476pt x 161.4742pt.
 [14 <./R_nPSRR.png> <./compVbuff.png>]
<compAhuja.png, id=264, 525.965pt x 268.00125pt>
File: compAhuja.png Graphic file (type png)
 <use compAhuja.png>
Package pdftex.def Info: compAhuja.png used on input line 135.
(pdftex.def)             Requested size: 250.95476pt x 127.87442pt.

<Qfactor.png, id=265, 496.85625pt x 315.1775pt>
File: Qfactor.png Graphic file (type png)
 <use Qfactor.png>
Package pdftex.def Info: Qfactor.png used on input line 163.
(pdftex.def)             Requested size: 209.12683pt x 132.65738pt.
 [15 <./compAhuja.png>] <cascodezeros.png, id=281, 430.60875pt x 313.17pt>
File: cascodezeros.png Graphic file (type png)

<use cascodezeros.png>
Package pdftex.def Info: cascodezeros.png used on input line 185.
(pdftex.def)             Requested size: 146.39133pt x 106.46683pt.
 <cascodedmirror.png, id=282, 437.635pt x 339.2675pt>
[16 <./Qfactor.png> <./cascodezeros.png>]
File: cascodedmirror.png Graphic file (type png)
 <use cascodedmirror.png>
Package pdftex.def Info: cascodedmirror.png used on input line 202.
(pdftex.def)             Requested size: 209.12683pt x 162.1218pt.
)
(./Chapter4.tex [17 <./cascodedmirror.png>]
Chapter 4.
<telescopiccascode.png, id=299, 349.305pt x 414.54875pt>
File: telescopiccascode.png Graphic file (type png)

<use telescopiccascode.png>
Package pdftex.def Info: telescopiccascode.png used on input line 4.
(pdftex.def)             Requested size: 104.56342pt x 124.09358pt.


Package wrapfig Warning: Stationary wrapfigure forced to float on input line 7.



Package wrapfig Warning: Stationary wrapfigure forced to float on input line 8.


[18

 <./telescopiccascode.png>]
<foldedcascode.png, id=313, 440.64626pt x 339.2675pt>
File: foldedcascode.png Graphic file (type png)
 <use foldedcascode.png>
Package pdftex.def Info: foldedcascode.png used on input line 57.
(pdftex.def)             Requested size: 250.95476pt x 193.21881pt.

<foldedcascoderes.png, id=314, 496.85625pt x 347.2975pt>
File: foldedcascoderes.png Graphic file (type png)

<use foldedcascoderes.png>
Package pdftex.def Info: foldedcascoderes.png used on input line 61.
(pdftex.def)             Requested size: 209.12683pt x 146.1766pt.


Package wrapfig Warning: Stationary wrapfigure forced to float on input line 64
.


Overfull \hbox (84.8356pt too wide) detected at line 72
\OML/cmm/m/it/10 r[] \OT1/cmr/m/n/10 = \OML/cmm/m/it/10 r[] \OT1/cmr/m/n/10 + \
OML/cmm/m/it/10 r[]==\OT1/cmr/m/n/10 2\OML/cmm/m/it/10 r[] \OT1/cmr/m/n/10 + \O
ML/cmm/m/it/10 g[]r[]\OT1/cmr/m/n/10 (\OML/cmm/m/it/10 r[]==\OT1/cmr/m/n/10 2\O
ML/cmm/m/it/10 r[] \OMS/cmsy/m/n/10 ' \OML/cmm/m/it/10 g[]r[]\OT1/cmr/m/n/10 (\
OML/cmm/m/it/10 r[]==\OT1/cmr/m/n/10 2\OML/cmm/m/it/10 r[]\OT1/cmr/m/n/10 )
 []

[19 <./foldedcascode.png> <./foldedcascoderes.png>]
<mirrorload.png, id=325, 352.31625pt x 309.155pt>
File: mirrorload.png Graphic file (type png)
 <use mirrorload.png>
Package pdftex.def Info: mirrorload.png used on input line 116.
(pdftex.def)             Requested size: 146.39133pt x 128.4573pt.

<pfcas.png, id=326, 1105.12875pt x 543.02875pt>
File: pfcas.png Graphic file (type png)
 <use pfcas.png>
Package pdftex.def Info: pfcas.png used on input line 123.
(pdftex.def)             Requested size: 209.12683pt x 102.75394pt.
 [20 <./mirrorload.png> <./pfcas.png>]) (./Chapter5.tex [21]
Chapter 5.
<mask.png, id=341, 453.695pt x 246.9225pt>
File: mask.png Graphic file (type png)
 <use mask.png>
Package pdftex.def Info: mask.png used on input line 21.
(pdftex.def)             Requested size: 209.12683pt x 113.81555pt.
 [22

 <./mask.png>]
<Gaussbutt.png, id=352, 437.635pt x 350.30875pt>
File: Gaussbutt.png Graphic file (type png)
 <use Gaussbutt.png>
Package pdftex.def Info: Gaussbutt.png used on input line 70.
(pdftex.def)             Requested size: 146.39133pt x 117.1791pt.

<butt.png, id=353, 872.25874pt x 354.32375pt>
File: butt.png Graphic file (type png)
 <use butt.png>
Package pdftex.def Info: butt.png used on input line 76.
(pdftex.def)             Requested size: 209.12683pt x 84.94753pt.
 [23 <./Gaussbutt.png> <./butt.png>] <bessel.png, id=363, 464.73625pt x 401.5pt
>
File: bessel.png Graphic file (type png)
 <use bessel.png>
Package pdftex.def Info: bessel.png used on input line 99.
(pdftex.def)             Requested size: 146.39133pt x 126.46704pt.

<gamma.png, id=364, 256.96pt x 109.40875pt>
File: gamma.png Graphic file (type png)
 <use gamma.png>
Package pdftex.def Info: gamma.png used on input line 122.
(pdftex.def)             Requested size: 62.73549pt x 26.71104pt.

<s.png, id=365, 671.50874pt x 100.375pt>
File: s.png Graphic file (type png)
 <use s.png>
Package pdftex.def Info: s.png used on input line 127.
(pdftex.def)             Requested size: 188.21288pt x 28.13237pt.

<cheby.png, id=366, 821.0675pt x 338.26375pt>
File: cheby.png Graphic file (type png)
 <use cheby.png>
Package pdftex.def Info: cheby.png used on input line 144.
(pdftex.def)             Requested size: 209.12683pt x 86.15546pt.
 [24 <./bessel.png> <./gamma.png> <./s.png>]

Package hyperref Warning: Token not allowed in a PDF string (PDFDocEncoding):
(hyperref)                removing `math shift' on input line 157.


Package hyperref Warning: Token not allowed in a PDF string (PDFDocEncoding):
(hyperref)                removing `math shift' on input line 157.

<skg.png, id=377, 917.4275pt x 508.90125pt>
File: skg.png Graphic file (type png)
 <use skg.png>
Package pdftex.def Info: skg.png used on input line 159.
(pdftex.def)             Requested size: 209.12683pt x 115.99652pt.

<skb.png, id=378, 420.57124pt x 207.77625pt>
File: skb.png Graphic file (type png)
 <use skb.png>
Package pdftex.def Info: skb.png used on input line 193.
(pdftex.def)             Requested size: 146.39133pt x 72.32329pt.
 [25 <./cheby.png> <./skg.png>] <ldd1.png, id=391, 393.47pt x 196.735pt>
File: ldd1.png Graphic file (type png)
 <use ldd1.png>
Package pdftex.def Info: ldd1.png used on input line 213.
(pdftex.def)             Requested size: 146.39133pt x 73.19305pt.

<ldd2.png, id=392, 447.6725pt x 147.55125pt>
File: ldd2.png Graphic file (type png)
 <use ldd2.png>
Package pdftex.def Info: ldd2.png used on input line 219.
(pdftex.def)             Requested size: 209.12683pt x 68.92805pt.

<ldd3.png, id=393, 408.52625pt x 172.645pt>
File: ldd3.png Graphic file (type png)
 <use ldd3.png>
Package pdftex.def Info: ldd3.png used on input line 225.
(pdftex.def)             Requested size: 209.12683pt x 88.3797pt.

<ldd4.png, id=394, 442.65375pt x 210.7875pt> [26 <./skb.png> <./ldd1.png> <./ld
d2.png> <./ldd3.png>]
File: ldd4.png Graphic file (type png)
 <use ldd4.png>
Package pdftex.def Info: ldd4.png used on input line 231.
(pdftex.def)             Requested size: 209.12683pt x 99.58475pt.

<ldd5.png, id=401, 436.63126pt x 172.645pt>
File: ldd5.png Graphic file (type png)
 <use ldd5.png>
Package pdftex.def Info: ldd5.png used on input line 238.
(pdftex.def)             Requested size: 209.12683pt x 82.68951pt.

<ldd6.png, id=402, 539.01375pt x 226.8475pt>
File: ldd6.png Graphic file (type png)
 <use ldd6.png>
Package pdftex.def Info: ldd6.png used on input line 248.
(pdftex.def)             Requested size: 209.12683pt x 88.01326pt.

<ld.png, id=403, 442.65375pt x 271.0125pt>
File: ld.png Graphic file (type png)
 <use ld.png>
Package pdftex.def Info: ld.png used on input line 264.
(pdftex.def)             Requested size: 334.60422pt x 204.87163pt.
 [27 <./ldd4.png> <./ldd5.png> <./ldd6.png>] <ldb.png, id=410, 1215.54124pt x 4
20.57124pt>
File: ldb.png Graphic file (type png)

<use ldb.png>
Package pdftex.def Info: ldb.png used on input line 269.
(pdftex.def)             Requested size: 376.42575pt x 130.24097pt.
 <ldc.png, id=411, 1198.4775pt x 673.51625pt>
File: ldc.png Graphic file (type png)
 <use ldc.png>
Package pdftex.def Info: ldc.png used on input line 274.
(pdftex.def)             Requested size: 376.42575pt x 211.54211pt.

<ldb1.png, id=412, 1195.46625pt x 448.67625pt>
File: ldb1.png Graphic file (type png)
 <use ldb1.png>
Package pdftex.def Info: ldb1.png used on input line 278.
(pdftex.def)             Requested size: 376.42575pt x 141.27899pt.
 [28 <./ld.png> <./ldb.png> <./ldc.png>])
Package atveryend Info: Empty hook `BeforeClearDocument' on input line 48.
 [29 <./ldb1.png>]
Package atveryend Info: Empty hook `AfterLastShipout' on input line 48.
 (./ACD.aux)
Package atveryend Info: Executing hook `AtVeryEndDocument' on input line 48.
Package atveryend Info: Empty hook `AtEndAfterFileList' on input line 48.


LaTeX Font Warning: Some font shapes were not available, defaults substituted.

Package atveryend Info: Empty hook `AtVeryVeryEnd' on input line 48.
 ) 
Here is how much of TeX's memory you used:
 7822 strings out of 495028
 108790 string characters out of 6181497
 198457 words of memory out of 5000000
 10677 multiletter control sequences out of 15000+600000
 13892 words of font info for 53 fonts, out of 8000000 for 9000
 14 hyphenation exceptions out of 8191
 29i,6n,30p,317b,403s stack positions out of 5000i,500n,10000p,200000b,80000s
</usr/share/texlive/texmf-dist/fonts/type1/public/amsfonts/cm/cmbx10.pfb></us
r/share/texlive/texmf-dist/fonts/type1/public/amsfonts/cm/cmbx12.pfb></usr/shar
e/texlive/texmf-dist/fonts/type1/public/amsfonts/cm/cmcsc10.pfb></usr/share/tex
live/texmf-dist/fonts/type1/public/amsfonts/cm/cmex10.pfb></usr/share/texlive/t
exmf-dist/fonts/type1/public/amsfonts/cm/cmmi10.pfb></usr/share/texlive/texmf-d
ist/fonts/type1/public/amsfonts/cm/cmmi12.pfb></usr/share/texlive/texmf-dist/fo
nts/type1/public/amsfonts/cm/cmmi5.pfb></usr/share/texlive/texmf-dist/fonts/typ
e1/public/amsfonts/cm/cmmi7.pfb></usr/share/texlive/texmf-dist/fonts/type1/publ
ic/amsfonts/cm/cmr10.pfb></usr/share/texlive/texmf-dist/fonts/type1/public/amsf
onts/cm/cmr5.pfb></usr/share/texlive/texmf-dist/fonts/type1/public/amsfonts/cm/
cmr7.pfb></usr/share/texlive/texmf-dist/fonts/type1/public/amsfonts/cm/cmsy10.p
fb></usr/share/texlive/texmf-dist/fonts/type1/public/amsfonts/cm/cmsy7.pfb></us
r/share/texlive/texmf-dist/fonts/type1/public/amsfonts/cm/cmti10.pfb></usr/shar
e/texlive/texmf-dist/fonts/type1/public/amsfonts/cm/cmtt10.pfb>
Output written on ACD.pdf (30 pages, 1966718 bytes).
PDF statistics:
 696 PDF objects out of 1000 (max. 8388607)
 602 compressed objects within 7 object streams
 205 named destinations out of 1000 (max. 500000)
 681 words of extra memory for PDF output out of 10000 (max. 10000000)

